# JRE version: Java(TM) SE Runtime Environment (7.0_80-b15) (build 1.7.0_80-b15)
# Java VM: Java HotSpot(TM) 64-Bit Server VM (24.80-b11 mixed mode linux-amd64 compressed oops)
Heap
 PSYoungGen      total 16384K, used 2032K [0x00000000eaa80000, 0x00000000ebc80000, 0x0000000100000000)
  eden space 14336K, 0% used [0x00000000eaa80000,0x00000000eaa80000,0x00000000eb880000)
  from space 2048K, 99% used [0x00000000eba80000,0x00000000ebc7c028,0x00000000ebc80000)
  to   space 2048K, 0% used [0x00000000eb880000,0x00000000eb880000,0x00000000eba80000)
 ParOldGen       total 36352K, used 7134K [0x00000000c0000000, 0x00000000c2380000, 0x00000000eaa80000)
  object space 36352K, 19% used [0x00000000c0000000,0x00000000c06f7bb8,0x00000000c2380000)
 PSPermGen       total 21504K, used 6168K [0x00000000bae00000, 0x00000000bc300000, 0x00000000c0000000)
  object space 21504K, 28% used [0x00000000bae00000,0x00000000bb4063f8,0x00000000bc300000)
GC Heap History (3 events):
Event: 3.440 GC heap before
{Heap before GC invocations=1 (full 0):
 PSYoungGen      total 16384K, used 14106K [0x00000000eaa80000, 0x00000000ebc80000, 0x0000000100000000)
  eden space 14336K, 98% used [0x00000000eaa80000,0x00000000eb846960,0x00000000eb880000)
  from space 2048K, 0% used [0x00000000eba80000,0x00000000eba80000,0x00000000ebc80000)
  to   space 2048K, 0% used [0x00000000eb880000,0x00000000eb880000,0x00000000eba80000)
 ParOldGen       total 36352K, used 0K [0x00000000c0000000, 0x00000000c2380000, 0x00000000eaa80000)
  object space 36352K, 0% used [0x00000000c0000000,0x00000000c0000000,0x00000000c2380000)
 PSPermGen       total 21504K, used 4874K [0x00000000bae00000, 0x00000000bc300000, 0x00000000c0000000)
  object space 21504K, 22% used [0x00000000bae00000,0x00000000bb2c29c8,0x00000000bc300000)
Event: 3.467 GC heap after
Heap after GC invocations=1 (full 0):
 PSYoungGen      total 16384K, used 2027K [0x00000000eaa80000, 0x00000000ebc80000, 0x0000000100000000)
  eden space 14336K, 0% used [0x00000000eaa80000,0x00000000eaa80000,0x00000000eb880000)
  from space 2048K, 98% used [0x00000000eb880000,0x00000000eba7ac68,0x00000000eba80000)
  to   space 2048K, 0% used [0x00000000eba80000,0x00000000eba80000,0x00000000ebc80000)
 ParOldGen       total 36352K, used 3899K [0x00000000c0000000, 0x00000000c2380000, 0x00000000eaa80000)
  object space 36352K, 10% used [0x00000000c0000000,0x00000000c03cec88,0x00000000c2380000)
 PSPermGen       total 21504K, used 4874K [0x00000000bae00000, 0x00000000bc300000, 0x00000000c0000000)
  object space 21504K, 22% used [0x00000000bae00000,0x00000000bb2c29c8,0x00000000bc300000)
}
Event: 18.097 GC heap before
{Heap before GC invocations=2 (full 0):
 PSYoungGen      total 16384K, used 15905K [0x00000000eaa80000, 0x00000000ebc80000, 0x0000000100000000)
  eden space 14336K, 96% used [0x00000000eaa80000,0x00000000eb80d970,0x00000000eb880000)
  from space 2048K, 98% used [0x00000000eb880000,0x00000000eba7ac68,0x00000000eba80000)
  to   space 2048K, 0% used [0x00000000eba80000,0x00000000eba80000,0x00000000ebc80000)
 ParOldGen       total 36352K, used 3899K [0x00000000c0000000, 0x00000000c2380000, 0x00000000eaa80000)
  object space 36352K, 10% used [0x00000000c0000000,0x00000000c03cec88,0x00000000c2380000)
 PSPermGen       total 21504K, used 6168K [0x00000000bae00000, 0x00000000bc300000, 0x00000000c0000000)
  object space 21504K, 28% used [0x00000000bae00000,0x00000000bb4063f8,0x00000000bc300000)

